<?xml version="1.0" encoding="UTF-8"?>
<!-- Generated by org.testng.reporters.JUnitReportReporter -->
<testsuite hostname="MY-Lappy" failures="0" tests="1" name="testLayer.LoginTest" time="4.683" errors="0" timestamp="2022-04-22T12:28:15 IST" skipped="0">
  <testcase classname="testLayer.LoginTest" name="validateLoginFunctionality" time="4.683"/>
  <system-out/>
</testsuite> <!-- testLayer.LoginTest -->
