<?xml version="1.0" encoding="UTF-8"?>
<!-- Generated by org.testng.reporters.JUnitReportReporter -->
<testsuite hostname="MY-Lappy" failures="0" tests="15" name="testLayer.LoginPageTest" time="2.058" errors="0" timestamp="2022-04-20T12:26:37 IST" skipped="0">
  <testcase classname="testLayer.LoginPageTest" name="validateLogo" time="0.054"/>
  <system-out/>
  <testcase classname="testLayer.LoginPageTest" name="validateTitle" time="0.001"/>
  <system-out/>
  <testcase classname="testLayer.LoginPageTest" name="validateurl" time="0.016"/>
  <system-out/>
  <testcase classname="testLayer.LoginPageTest" name="validateDisplayedStatusUsername" time="0.036"/>
  <system-out/>
  <testcase classname="testLayer.LoginPageTest" name="validateEnabledStatusUsername" time="0.015"/>
  <system-out/>
  <testcase classname="testLayer.LoginPageTest" name="clearUsernameData" time="0.036"/>
  <system-out/>
  <testcase classname="testLayer.LoginPageTest" name="validateEnterDataUsername" time="0.099"/>
  <system-out/>
  <testcase classname="testLayer.LoginPageTest" name="validateDisplayedStatusPassword" time="0.016"/>
  <system-out/>
  <testcase classname="testLayer.LoginPageTest" name="validateEnabledStatusPassword" time="0.016"/>
  <system-out/>
  <testcase classname="testLayer.LoginPageTest" name="clearPasswordData" time="0.047"/>
  <system-out/>
  <testcase classname="testLayer.LoginPageTest" name="validateEnterDataPassword" time="0.063"/>
  <system-out/>
  <testcase classname="testLayer.LoginPageTest" name="validateDisplayedStatusLoginButton" time="0.035"/>
  <system-out/>
  <testcase classname="testLayer.LoginPageTest" name="validateEnabledStatusLoginButton" time="0.027"/>
  <system-out/>
  <testcase classname="testLayer.LoginPageTest" name="validateLoginButtonLoginButtonValue" time="0.028"/>
  <system-out/>
  <testcase classname="testLayer.LoginPageTest" name="clickOnLoginButton" time="1.569"/>
  <system-out/>
</testsuite> <!-- testLayer.LoginPageTest -->
