<?xml version="1.0" encoding="UTF-8"?>
<!-- Generated by org.testng.reporters.JUnitReportReporter -->
<testsuite hostname="MY-Lappy" failures="0" tests="1" name="testLayer.GoogleTest" time="3.085" errors="0" timestamp="2022-04-22T18:16:47 IST" skipped="0">
  <testcase classname="testLayer.GoogleTest" name="validateSearchGoogle" time="3.085"/>
  <system-out/>
</testsuite> <!-- testLayer.GoogleTest -->
