<?xml version="1.0" encoding="UTF-8"?>
<!-- Generated by org.testng.reporters.JUnitReportReporter -->
<testsuite hostname="MY-Lappy" failures="0" tests="21" name="testLayer.FbSignUpPageTest" time="1.742" errors="0" timestamp="2022-04-21T08:58:21 IST" skipped="0">
  <testcase classname="testLayer.FbSignUpPageTest" name="validateFirstnameDisplayed" time="0.057"/>
  <system-out/>
  <testcase classname="testLayer.FbSignUpPageTest" name="validateFirstnameEnabled" time="0.023"/>
  <system-out/>
  <testcase classname="testLayer.FbSignUpPageTest" name="enterFirstnameData" time="0.106"/>
  <system-out/>
  <testcase classname="testLayer.FbSignUpPageTest" name="validateSurnameDisplayed" time="0.030"/>
  <system-out/>
  <testcase classname="testLayer.FbSignUpPageTest" name="validateSurnameEnabled" time="0.018"/>
  <system-out/>
  <testcase classname="testLayer.FbSignUpPageTest" name="enterSurnameData" time="0.092"/>
  <system-out/>
  <testcase classname="testLayer.FbSignUpPageTest" name="validateEmailDisplayed" time="0.026"/>
  <system-out/>
  <testcase classname="testLayer.FbSignUpPageTest" name="validateEmailEnabled" time="0.030"/>
  <system-out/>
  <testcase classname="testLayer.FbSignUpPageTest" name="enterEmailData" time="0.108"/>
  <system-out/>
  <testcase classname="testLayer.FbSignUpPageTest" name="validatepasswordDisplayed" time="0.027"/>
  <system-out/>
  <testcase classname="testLayer.FbSignUpPageTest" name="validatePasswordEnabled" time="0.017"/>
  <system-out/>
  <testcase classname="testLayer.FbSignUpPageTest" name="enterPasswordData" time="0.070"/>
  <system-out/>
  <testcase classname="testLayer.FbSignUpPageTest" name="validatedayDropDownDisplayed" time="0.034"/>
  <system-out/>
  <testcase classname="testLayer.FbSignUpPageTest" name="validatedayDropDownEnabled" time="0.073"/>
  <system-out/>
  <testcase classname="testLayer.FbSignUpPageTest" name="validateselectDayDropDownValue" time="0.300"/>
  <system-out/>
  <testcase classname="testLayer.FbSignUpPageTest" name="validatemonthDropDownDisplayed" time="0.028"/>
  <system-out/>
  <testcase classname="testLayer.FbSignUpPageTest" name="validatemonthDropDownEnabled" time="0.018"/>
  <system-out/>
  <testcase classname="testLayer.FbSignUpPageTest" name="validateselectmonthDropDownValue" time="0.255"/>
  <system-out/>
  <testcase classname="testLayer.FbSignUpPageTest" name="validateyearDropDownDisplayed" time="0.026"/>
  <system-out/>
  <testcase classname="testLayer.FbSignUpPageTest" name="validateyearDropDownEnabled" time="0.019"/>
  <system-out/>
  <testcase classname="testLayer.FbSignUpPageTest" name="validateselectyearDropDownValue" time="0.385"/>
  <system-out/>
</testsuite> <!-- testLayer.FbSignUpPageTest -->
